<?xml version="1.0" encoding="UTF-8"?>
<!-- Generated by org.testng.reporters.JUnitXMLReporter -->
<testsuite ignored="0" hostname="DESKTOP-SULKSEO" failures="0" tests="4" name="Surefire test" time="0.063" errors="0" timestamp="11 Sep 2024 20:56:25 GMT">
  <testcase classname="CalculaterTest" name="addTwoNumbers on addTwoNumbers(CalculaterTest)" time="0.015"/>
  <testcase classname="CalculaterTest" name="subtractTwoNumbers on subtractTwoNumbers(CalculaterTest)" time="0.015"/>
  <testcase classname="CalculaterTest" name="mulTwoNumbers on mulTwoNumbers(CalculaterTest)" time="0.015"/>
  <testcase classname="CalculaterTest" name="devideTwoNumbers on devideTwoNumbers(CalculaterTest)" time="0.014"/>
</testsuite> <!-- Surefire test -->
