<?xml version="1.0" encoding="UTF-8"?>
<testng-results ignored="0" total="4" passed="4" failed="0" skipped="0">
  <reporter-output>
  </reporter-output>
  <suite started-at="2024-09-11T20:56:24Z" name="Surefire suite" finished-at="2024-09-11T20:56:25Z" duration-ms="63">
    <groups>
    </groups>
    <test started-at="2024-09-11T20:56:24Z" name="Surefire test" finished-at="2024-09-11T20:56:25Z" duration-ms="63">
      <class name="CalculaterTest">
        <test-method signature="addTwoNumbers()" started-at="2024-09-12T02:26:25Z" name="addTwoNumbers" finished-at="2024-09-12T02:26:25Z" duration-ms="15" status="PASS">
          <reporter-output>
          </reporter-output>
        </test-method> <!-- addTwoNumbers -->
        <test-method signature="subtractTwoNumbers()" started-at="2024-09-12T02:26:25Z" name="subtractTwoNumbers" finished-at="2024-09-12T02:26:25Z" duration-ms="15" status="PASS">
          <reporter-output>
          </reporter-output>
        </test-method> <!-- subtractTwoNumbers -->
        <test-method signature="mulTwoNumbers()" started-at="2024-09-12T02:26:25Z" name="mulTwoNumbers" finished-at="2024-09-12T02:26:25Z" duration-ms="15" status="PASS">
          <reporter-output>
          </reporter-output>
        </test-method> <!-- mulTwoNumbers -->
        <test-method signature="devideTwoNumbers()" started-at="2024-09-12T02:26:25Z" name="devideTwoNumbers" finished-at="2024-09-12T02:26:25Z" duration-ms="14" status="PASS">
          <reporter-output>
          </reporter-output>
        </test-method> <!-- devideTwoNumbers -->
      </class> <!-- CalculaterTest -->
    </test> <!-- Surefire test -->
  </suite> <!-- Surefire suite -->
</testng-results>
